1605951987144	geckodriver	INFO	Listening on 127.0.0.1:44783
1605951987149	mozrunner::runner	INFO	Running command: "/usr/bin/firefox" "--marionette" "-foreground" "-no-remote" "-profile" "/tmp/rust_mozprofileAX1Ztm"
console.warn: SearchSettings: "get: No settings file exists, new profile?" (new Error("", "(unknown module)"))
1605951989777	Marionette	INFO	Listening on port 38783
1605951989881	Marionette	WARN	TLS certificate errors will be ignored for this session
JavaScript error: resource://gre/actors/AutoCompleteChild.jsm, line 235: Error: Invalid autocomplete selectedIndex
1605951991043	Marionette	INFO	Stopped listening on port 38783
1605952389760	geckodriver	INFO	Listening on 127.0.0.1:57465
1605952389764	mozrunner::runner	INFO	Running command: "/usr/bin/firefox" "--marionette" "-foreground" "-no-remote" "-profile" "/tmp/rust_mozprofilewASYu8"
console.warn: SearchSettings: "get: No settings file exists, new profile?" (new Error("", "(unknown module)"))
1605952392318	Marionette	INFO	Listening on port 42087
1605952392391	Marionette	WARN	TLS certificate errors will be ignored for this session
JavaScript error: https://assets.sitescdn.net/answers/v0.9.6/answers.min.js, line 1: Error: Failed to add component
1605952398158	Marionette	INFO	Stopped listening on port 42087
1605952762196	geckodriver	INFO	Listening on 127.0.0.1:39465
1605952762200	mozrunner::runner	INFO	Running command: "/usr/bin/firefox" "--marionette" "-foreground" "-no-remote" "-profile" "/tmp/rust_mozprofileMxw3w3"
console.warn: SearchSettings: "get: No settings file exists, new profile?" (new Error("", "(unknown module)"))
1605952764816	Marionette	INFO	Listening on port 42097
1605952764943	Marionette	WARN	TLS certificate errors will be ignored for this session
JavaScript error: https://assets.sitescdn.net/answers/v0.9.6/answers.min.js, line 1: Error: Failed to add component
1605952782986	Marionette	INFO	Stopped listening on port 42097
1605952809980	geckodriver	INFO	Listening on 127.0.0.1:35845
1605952809985	mozrunner::runner	INFO	Running command: "/usr/bin/firefox" "--marionette" "-foreground" "-no-remote" "-profile" "/tmp/rust_mozprofilezm13jw"
console.warn: SearchSettings: "get: No settings file exists, new profile?" (new Error("", "(unknown module)"))
1605952812495	Marionette	INFO	Listening on port 33707
1605952812613	Marionette	WARN	TLS certificate errors will be ignored for this session
JavaScript error: https://assets.sitescdn.net/answers/v0.9.6/answers.min.js, line 1: Error: Failed to add component
1605952820873	Marionette	INFO	Stopped listening on port 33707
1605952833537	geckodriver	INFO	Listening on 127.0.0.1:37593
1605952833541	mozrunner::runner	INFO	Running command: "/usr/bin/firefox" "--marionette" "-foreground" "-no-remote" "-profile" "/tmp/rust_mozprofilexF4RP5"
console.warn: SearchSettings: "get: No settings file exists, new profile?" (new Error("", "(unknown module)"))
1605952836287	Marionette	INFO	Listening on port 46447
1605952836371	Marionette	WARN	TLS certificate errors will be ignored for this session
JavaScript error: http://www.three.co.uk/static/ThreeWeb/intl-roaming-new/js/intl-roaming-template.min.js, line 1: ReferenceError: Handlebars is not defined
JavaScript error: https://assets.sitescdn.net/answers/v0.9.6/answers.min.js, line 1: Error: Failed to add component
JavaScript warning: http://covmaps-gbhu.europa.uk.com/apps/nipro_support_gbhu_v2c_cta.js, line 649: unreachable code after return statement
JavaScript error: http://covmaps-gbhu.europa.uk.com/apps/nipro_gbhu_v2_cta.php?cc=br&net1=te&net2=t4&net3=v4, line 459: TypeError: document.getElementById(...) is null
Handler function _httpStopRequest threw an exception: [Exception... "Component returned failure code: 0x80004005 (NS_ERROR_FAILURE) [nsITraceableChannel.setNewListener]"  nsresult: "0x80004005 (NS_ERROR_FAILURE)"  location: "JS frame :: resource://devtools/server/actors/network-monitor/network-observer.js :: _setupResponseListener :: line 1085"  data: no]
Stack: _setupResponseListener@resource://devtools/server/actors/network-monitor/network-observer.js:1085:38
_createNetworkEvent@resource://devtools/server/actors/network-monitor/network-observer.js:911:12
_httpStopRequest@resource://devtools/server/actors/network-monitor/network-observer.js:409:14
exports.makeInfallible/<@resource://devtools/shared/ThreadSafeDevToolsUtils.js:103:22
Line: 1085, column: 0
console.error: ({})
1605952940390	geckodriver	INFO	Listening on 127.0.0.1:43273
1605952940394	mozrunner::runner	INFO	Running command: "/usr/bin/firefox" "--marionette" "-foreground" "-no-remote" "-profile" "/tmp/rust_mozprofilevWkDpx"
console.warn: SearchSettings: "get: No settings file exists, new profile?" (new Error("", "(unknown module)"))
1605952942907	Marionette	INFO	Listening on port 39871
1605952943027	Marionette	WARN	TLS certificate errors will be ignored for this session
JavaScript error: http://www.three.co.uk/static/ThreeWeb/intl-roaming-new/js/intl-roaming-template.min.js, line 1: ReferenceError: Handlebars is not defined
JavaScript error: https://assets.sitescdn.net/answers/v0.9.6/answers.min.js, line 1: Error: Failed to add component
JavaScript warning: http://covmaps-gbhu.europa.uk.com/apps/nipro_support_gbhu_v2c_cta.js, line 649: unreachable code after return statement
JavaScript error: http://covmaps-gbhu.europa.uk.com/apps/nipro_gbhu_v2_cta.php?cc=br&net1=te&net2=t4&net3=v4, line 459: TypeError: document.getElementById(...) is null
1605952952830	Marionette	INFO	Stopped listening on port 39871
1605953139380	geckodriver	INFO	Listening on 127.0.0.1:60009
1605953139384	mozrunner::runner	INFO	Running command: "/usr/bin/firefox" "--marionette" "-foreground" "-no-remote" "-profile" "/tmp/rust_mozprofilevxfUsB"
console.warn: SearchSettings: "get: No settings file exists, new profile?" (new Error("", "(unknown module)"))
1605953142057	Marionette	INFO	Listening on port 45853
1605953142113	Marionette	WARN	TLS certificate errors will be ignored for this session
JavaScript error: http://www.three.co.uk/static/ThreeWeb/intl-roaming-new/js/intl-roaming-template.min.js, line 1: ReferenceError: Handlebars is not defined
JavaScript error: https://assets.sitescdn.net/answers/v0.9.6/answers.min.js, line 1: Error: Failed to add component
JavaScript warning: http://covmaps-gbhu.europa.uk.com/apps/nipro_support_gbhu_v2c_cta.js, line 649: unreachable code after return statement
JavaScript error: http://covmaps-gbhu.europa.uk.com/apps/nipro_gbhu_v2_cta.php?cc=br&net1=te&net2=t4&net3=v4, line 459: TypeError: document.getElementById(...) is null
1605953169495	geckodriver	INFO	Listening on 127.0.0.1:49915
1605953169500	mozrunner::runner	INFO	Running command: "/usr/bin/firefox" "--marionette" "-foreground" "-no-remote" "-profile" "/tmp/rust_mozprofileENKJeA"
console.warn: SearchSettings: "get: No settings file exists, new profile?" (new Error("", "(unknown module)"))
1605953171888	Marionette	INFO	Listening on port 39089
1605953171930	Marionette	WARN	TLS certificate errors will be ignored for this session
JavaScript error: http://www.three.co.uk/static/ThreeWeb/intl-roaming-new/js/intl-roaming-template.min.js, line 1: ReferenceError: Handlebars is not defined
JavaScript error: https://assets.sitescdn.net/answers/v0.9.6/answers.min.js, line 1: Error: Failed to add component
JavaScript warning: http://covmaps-gbhu.europa.uk.com/apps/nipro_support_gbhu_v2c_cta.js, line 649: unreachable code after return statement
JavaScript error: http://covmaps-gbhu.europa.uk.com/apps/nipro_gbhu_v2_cta.php?cc=br&net1=te&net2=t4&net3=v4, line 459: TypeError: document.getElementById(...) is null
1605953199442	Marionette	INFO	Stopped listening on port 39089
1605953388480	geckodriver	INFO	Listening on 127.0.0.1:35199
1605953388484	mozrunner::runner	INFO	Running command: "/usr/bin/firefox" "--marionette" "-foreground" "-no-remote" "-profile" "/tmp/rust_mozprofilepaQUKY"
console.warn: SearchSettings: "get: No settings file exists, new profile?" (new Error("", "(unknown module)"))
1605953391134	Marionette	INFO	Listening on port 44519
1605953391222	Marionette	WARN	TLS certificate errors will be ignored for this session
JavaScript error: http://www.three.co.uk/static/ThreeWeb/intl-roaming-new/js/intl-roaming-template.min.js, line 1: ReferenceError: Handlebars is not defined
JavaScript error: https://assets.sitescdn.net/answers/v0.9.6/answers.min.js, line 1: Error: Failed to add component
JavaScript warning: http://covmaps-gbhu.europa.uk.com/apps/nipro_support_gbhu_v2c_cta.js, line 649: unreachable code after return statement
JavaScript error: http://covmaps-gbhu.europa.uk.com/apps/nipro_gbhu_v2_cta.php?cc=br&net1=te&net2=t4&net3=v4, line 459: TypeError: document.getElementById(...) is null
1605953397393	Marionette	INFO	Stopped listening on port 44519
1605953651961	geckodriver	INFO	Listening on 127.0.0.1:42939
1605953651965	mozrunner::runner	INFO	Running command: "/usr/bin/firefox" "--marionette" "-foreground" "-no-remote" "-profile" "/tmp/rust_mozprofileWeqWmz"
console.warn: SearchSettings: "get: No settings file exists, new profile?" (new Error("", "(unknown module)"))
1605953654728	Marionette	INFO	Listening on port 39639
1605953654807	Marionette	WARN	TLS certificate errors will be ignored for this session
JavaScript error: http://www.three.co.uk/static/ThreeWeb/intl-roaming-new/js/intl-roaming-template.min.js, line 1: ReferenceError: Handlebars is not defined
JavaScript error: https://assets.sitescdn.net/answers/v0.9.6/answers.min.js, line 1: Error: Failed to add component
JavaScript warning: http://covmaps-gbhu.europa.uk.com/apps/nipro_support_gbhu_v2c_cta.js, line 649: unreachable code after return statement
JavaScript error: http://covmaps-gbhu.europa.uk.com/apps/nipro_gbhu_v2_cta.php?cc=br&net1=te&net2=t4&net3=v4, line 459: TypeError: document.getElementById(...) is null
1605953674878	geckodriver	INFO	Listening on 127.0.0.1:39459
1605953674883	mozrunner::runner	INFO	Running command: "/usr/bin/firefox" "--marionette" "-foreground" "-no-remote" "-profile" "/tmp/rust_mozprofileonVKjq"
console.warn: SearchSettings: "get: No settings file exists, new profile?" (new Error("", "(unknown module)"))
1605953677433	Marionette	INFO	Listening on port 32799
1605953677516	Marionette	WARN	TLS certificate errors will be ignored for this session
JavaScript error: http://www.three.co.uk/static/ThreeWeb/intl-roaming-new/js/intl-roaming-template.min.js, line 1: ReferenceError: Handlebars is not defined
JavaScript error: https://assets.sitescdn.net/answers/v0.9.6/answers.min.js, line 1: Error: Failed to add component
JavaScript warning: http://covmaps-gbhu.europa.uk.com/apps/nipro_support_gbhu_v2c_cta.js, line 649: unreachable code after return statement
JavaScript error: http://covmaps-gbhu.europa.uk.com/apps/nipro_gbhu_v2_cta.php?cc=br&net1=te&net2=t4&net3=v4, line 459: TypeError: document.getElementById(...) is null
1605954740528	geckodriver	INFO	Listening on 127.0.0.1:59349
1605954740532	mozrunner::runner	INFO	Running command: "/usr/bin/firefox" "--marionette" "-foreground" "-no-remote" "-profile" "/tmp/rust_mozprofileZegwUq"
console.warn: SearchSettings: "get: No settings file exists, new profile?" (new Error("", "(unknown module)"))
1605954743142	Marionette	INFO	Listening on port 42785
1605954743264	Marionette	WARN	TLS certificate errors will be ignored for this session
JavaScript error: http://www.three.co.uk/static/ThreeWeb/intl-roaming-new/js/intl-roaming-template.min.js, line 1: ReferenceError: Handlebars is not defined
JavaScript error: https://assets.sitescdn.net/answers/v0.9.6/answers.min.js, line 1: Error: Failed to add component
JavaScript warning: http://covmaps-gbhu.europa.uk.com/apps/nipro_support_gbhu_v2c_cta.js, line 649: unreachable code after return statement
JavaScript error: http://covmaps-gbhu.europa.uk.com/apps/nipro_gbhu_v2_cta.php?cc=br&net1=te&net2=t4&net3=v4, line 459: TypeError: document.getElementById(...) is null
1605954797704	geckodriver	INFO	Listening on 127.0.0.1:34789
1605954797709	mozrunner::runner	INFO	Running command: "/usr/bin/firefox" "--marionette" "-foreground" "-no-remote" "-profile" "/tmp/rust_mozprofile30C3sG"
console.warn: SearchSettings: "get: No settings file exists, new profile?" (new Error("", "(unknown module)"))
1605954800295	Marionette	INFO	Listening on port 44031
1605954800364	Marionette	WARN	TLS certificate errors will be ignored for this session
JavaScript error: http://www.three.co.uk/static/ThreeWeb/intl-roaming-new/js/intl-roaming-template.min.js, line 1: ReferenceError: Handlebars is not defined
JavaScript error: https://assets.sitescdn.net/answers/v0.9.6/answers.min.js, line 1: Error: Failed to add component
JavaScript warning: http://covmaps-gbhu.europa.uk.com/apps/nipro_support_gbhu_v2c_cta.js, line 649: unreachable code after return statement
JavaScript error: http://covmaps-gbhu.europa.uk.com/apps/nipro_gbhu_v2_cta.php?cc=br&net1=te&net2=t4&net3=v4, line 459: TypeError: document.getElementById(...) is null
1605954811292	Marionette	INFO	Stopped listening on port 42785
1605954813835	Marionette	INFO	Stopped listening on port 39639
1605954819567	Marionette	INFO	Stopped listening on port 44031
1605954823354	Marionette	INFO	Stopped listening on port 32799
1605954825677	Marionette	INFO	Stopped listening on port 45853
1605954890679	geckodriver	INFO	Listening on 127.0.0.1:45475
1605954890683	mozrunner::runner	INFO	Running command: "/usr/bin/firefox" "--marionette" "-foreground" "-no-remote" "-profile" "/tmp/rust_mozprofileZaDzxF"
console.warn: SearchSettings: "get: No settings file exists, new profile?" (new Error("", "(unknown module)"))
1605954893145	Marionette	INFO	Listening on port 33433
1605954893210	Marionette	WARN	TLS certificate errors will be ignored for this session
JavaScript error: http://www.three.co.uk/static/ThreeWeb/intl-roaming-new/js/intl-roaming-template.min.js, line 1: ReferenceError: Handlebars is not defined
JavaScript error: https://assets.sitescdn.net/answers/v0.9.6/answers.min.js, line 1: Error: Failed to add component
JavaScript warning: http://covmaps-gbhu.europa.uk.com/apps/nipro_support_gbhu_v2c_cta.js, line 649: unreachable code after return statement
JavaScript error: http://covmaps-gbhu.europa.uk.com/apps/nipro_gbhu_v2_cta.php?cc=br&net1=te&net2=t4&net3=v4, line 459: TypeError: document.getElementById(...) is null
1605954902611	Marionette	INFO	Stopped listening on port 33433
1605955031751	geckodriver	INFO	Listening on 127.0.0.1:45349
1605955031755	mozrunner::runner	INFO	Running command: "/usr/bin/firefox" "--marionette" "-foreground" "-no-remote" "-profile" "/tmp/rust_mozprofileYO9YZY"
console.warn: SearchSettings: "get: No settings file exists, new profile?" (new Error("", "(unknown module)"))
1605955034272	Marionette	INFO	Listening on port 45075
1605955034387	Marionette	WARN	TLS certificate errors will be ignored for this session
JavaScript error: http://www.three.co.uk/static/ThreeWeb/intl-roaming-new/js/intl-roaming-template.min.js, line 1: ReferenceError: Handlebars is not defined
JavaScript error: https://assets.sitescdn.net/answers/v0.9.6/answers.min.js, line 1: Error: Failed to add component
JavaScript warning: http://covmaps-gbhu.europa.uk.com/apps/nipro_support_gbhu_v2c_cta.js, line 649: unreachable code after return statement
JavaScript error: http://covmaps-gbhu.europa.uk.com/apps/nipro_gbhu_v2_cta.php?cc=br&net1=te&net2=t4&net3=v4, line 459: TypeError: document.getElementById(...) is null
1605955037454	Marionette	INFO	Stopped listening on port 45075
1605955065118	geckodriver	INFO	Listening on 127.0.0.1:56989
1605955065122	mozrunner::runner	INFO	Running command: "/usr/bin/firefox" "--marionette" "-foreground" "-no-remote" "-profile" "/tmp/rust_mozprofilenBWXrL"
console.warn: SearchSettings: "get: No settings file exists, new profile?" (new Error("", "(unknown module)"))
1605955067564	Marionette	INFO	Listening on port 38667
1605955067652	Marionette	WARN	TLS certificate errors will be ignored for this session
JavaScript error: http://www.three.co.uk/static/ThreeWeb/intl-roaming-new/js/intl-roaming-template.min.js, line 1: ReferenceError: Handlebars is not defined
JavaScript error: https://assets.sitescdn.net/answers/v0.9.6/answers.min.js, line 1: Error: Failed to add component
JavaScript warning: http://covmaps-gbhu.europa.uk.com/apps/nipro_support_gbhu_v2c_cta.js, line 649: unreachable code after return statement
JavaScript error: http://covmaps-gbhu.europa.uk.com/apps/nipro_gbhu_v2_cta.php?cc=br&net1=te&net2=t4&net3=v4, line 459: TypeError: document.getElementById(...) is null
1605955433176	geckodriver	INFO	Listening on 127.0.0.1:46335
1605955433180	mozrunner::runner	INFO	Running command: "/usr/bin/firefox" "--marionette" "-foreground" "-no-remote" "-profile" "/tmp/rust_mozprofileniN7hC"
console.warn: SearchSettings: "get: No settings file exists, new profile?" (new Error("", "(unknown module)"))
1605955435763	Marionette	INFO	Listening on port 36207
1605955435808	Marionette	WARN	TLS certificate errors will be ignored for this session
JavaScript error: http://www.three.co.uk/static/ThreeWeb/intl-roaming-new/js/intl-roaming-template.min.js, line 1: ReferenceError: Handlebars is not defined
JavaScript error: https://assets.sitescdn.net/answers/v0.9.6/answers.min.js, line 1: Error: Failed to add component
JavaScript warning: http://covmaps-gbhu.europa.uk.com/apps/nipro_support_gbhu_v2c_cta.js, line 649: unreachable code after return statement
JavaScript error: http://covmaps-gbhu.europa.uk.com/apps/nipro_gbhu_v2_cta.php?cc=br&net1=te&net2=t4&net3=v4, line 459: TypeError: document.getElementById(...) is null
Marionette threw an error: TypeError: this.curBrowser.messageManager is null
GeckoDriver.prototype.sendAsync@chrome://marionette/content/driver.js:361:5
send/<@chrome://marionette/content/proxy.js:190:12
send@chrome://marionette/content/proxy.js:124:12
get/<@chrome://marionette/content/proxy.js:37:29
GeckoDriver.prototype.getPageSource@chrome://marionette/content/driver.js:1293:28

1605955437790	Marionette	INFO	Stopped listening on port 36207
1605955466985	geckodriver	INFO	Listening on 127.0.0.1:56133
1605955466989	mozrunner::runner	INFO	Running command: "/usr/bin/firefox" "--marionette" "-foreground" "-no-remote" "-profile" "/tmp/rust_mozprofileDpvqPB"
console.warn: SearchSettings: "get: No settings file exists, new profile?" (new Error("", "(unknown module)"))
1605955469403	Marionette	INFO	Listening on port 43511
1605955469548	Marionette	WARN	TLS certificate errors will be ignored for this session
JavaScript error: http://www.three.co.uk/static/ThreeWeb/intl-roaming-new/js/intl-roaming-template.min.js, line 1: ReferenceError: Handlebars is not defined
JavaScript error: https://assets.sitescdn.net/answers/v0.9.6/answers.min.js, line 1: Error: Failed to add component
JavaScript warning: http://covmaps-gbhu.europa.uk.com/apps/nipro_support_gbhu_v2c_cta.js, line 649: unreachable code after return statement
JavaScript error: http://covmaps-gbhu.europa.uk.com/apps/nipro_gbhu_v2_cta.php?cc=br&net1=te&net2=t4&net3=v4, line 459: TypeError: document.getElementById(...) is null
1605955534732	geckodriver	INFO	Listening on 127.0.0.1:39923
1605955534736	mozrunner::runner	INFO	Running command: "/usr/bin/firefox" "--marionette" "-foreground" "-no-remote" "-profile" "/tmp/rust_mozprofileEypGRA"
console.warn: SearchSettings: "get: No settings file exists, new profile?" (new Error("", "(unknown module)"))
1605955537292	Marionette	INFO	Listening on port 46843
1605955537366	Marionette	WARN	TLS certificate errors will be ignored for this session
JavaScript error: http://www.three.co.uk/static/ThreeWeb/intl-roaming-new/js/intl-roaming-template.min.js, line 1: ReferenceError: Handlebars is not defined
JavaScript error: https://assets.sitescdn.net/answers/v0.9.6/answers.min.js, line 1: Error: Failed to add component
JavaScript warning: http://covmaps-gbhu.europa.uk.com/apps/nipro_support_gbhu_v2c_cta.js, line 649: unreachable code after return statement
JavaScript error: http://covmaps-gbhu.europa.uk.com/apps/nipro_gbhu_v2_cta.php?cc=br&net1=te&net2=t4&net3=v4, line 459: TypeError: document.getElementById(...) is null
1605955614090	geckodriver	INFO	Listening on 127.0.0.1:38353
1605955614094	mozrunner::runner	INFO	Running command: "/usr/bin/firefox" "--marionette" "-foreground" "-no-remote" "-profile" "/tmp/rust_mozprofile6t6GLX"
console.warn: SearchSettings: "get: No settings file exists, new profile?" (new Error("", "(unknown module)"))
1605955616560	Marionette	INFO	Listening on port 39605
1605955616621	Marionette	WARN	TLS certificate errors will be ignored for this session
JavaScript error: http://www.three.co.uk/static/ThreeWeb/intl-roaming-new/js/intl-roaming-template.min.js, line 1: ReferenceError: Handlebars is not defined
JavaScript error: https://assets.sitescdn.net/answers/v0.9.6/answers.min.js, line 1: Error: Failed to add component
JavaScript warning: http://covmaps-gbhu.europa.uk.com/apps/nipro_support_gbhu_v2c_cta.js, line 649: unreachable code after return statement
JavaScript error: http://covmaps-gbhu.europa.uk.com/apps/nipro_gbhu_v2_cta.php?cc=br&net1=te&net2=t4&net3=v4, line 459: TypeError: document.getElementById(...) is null
1605955621730	Marionette	INFO	Stopped listening on port 39605
1605955692910	geckodriver	INFO	Listening on 127.0.0.1:51089
1605955692914	mozrunner::runner	INFO	Running command: "/usr/bin/firefox" "--marionette" "-foreground" "-no-remote" "-profile" "/tmp/rust_mozprofileCWvnFG"
console.warn: SearchSettings: "get: No settings file exists, new profile?" (new Error("", "(unknown module)"))
1605955695356	Marionette	INFO	Listening on port 40781
1605955695450	Marionette	WARN	TLS certificate errors will be ignored for this session
JavaScript error: http://www.three.co.uk/static/ThreeWeb/intl-roaming-new/js/intl-roaming-template.min.js, line 1: ReferenceError: Handlebars is not defined
JavaScript error: https://assets.sitescdn.net/answers/v0.9.6/answers.min.js, line 1: Error: Failed to add component
JavaScript warning: http://covmaps-gbhu.europa.uk.com/apps/nipro_support_gbhu_v2c_cta.js, line 649: unreachable code after return statement
JavaScript error: http://covmaps-gbhu.europa.uk.com/apps/nipro_gbhu_v2_cta.php?cc=br&net1=te&net2=t4&net3=v4, line 459: TypeError: document.getElementById(...) is null
1605955706901	Marionette	INFO	Stopped listening on port 40781
1605955724230	geckodriver	INFO	Listening on 127.0.0.1:49367
1605955724233	mozrunner::runner	INFO	Running command: "/usr/bin/firefox" "--marionette" "-foreground" "-no-remote" "-profile" "/tmp/rust_mozprofileMiSBJc"
console.warn: SearchSettings: "get: No settings file exists, new profile?" (new Error("", "(unknown module)"))
1605955726521	Marionette	INFO	Listening on port 39981
1605955726559	Marionette	WARN	TLS certificate errors will be ignored for this session
JavaScript error: http://www.three.co.uk/static/ThreeWeb/intl-roaming-new/js/intl-roaming-template.min.js, line 1: ReferenceError: Handlebars is not defined
JavaScript error: https://assets.sitescdn.net/answers/v0.9.6/answers.min.js, line 1: Error: Failed to add component
JavaScript warning: http://covmaps-gbhu.europa.uk.com/apps/nipro_support_gbhu_v2c_cta.js, line 649: unreachable code after return statement
JavaScript error: http://covmaps-gbhu.europa.uk.com/apps/nipro_gbhu_v2_cta.php?cc=br&net1=te&net2=t4&net3=v4, line 459: TypeError: document.getElementById(...) is null
1605955731056	Marionette	INFO	Stopped listening on port 39981
1605955835073	geckodriver	INFO	Listening on 127.0.0.1:49739
1605955835077	mozrunner::runner	INFO	Running command: "/usr/bin/firefox" "--marionette" "-foreground" "-no-remote" "-profile" "/tmp/rust_mozprofileaKpIL3"
console.warn: SearchSettings: "get: No settings file exists, new profile?" (new Error("", "(unknown module)"))
1605955837693	Marionette	INFO	Listening on port 33375
1605955837808	Marionette	WARN	TLS certificate errors will be ignored for this session
JavaScript error: http://www.three.co.uk/static/ThreeWeb/intl-roaming-new/js/intl-roaming-template.min.js, line 1: ReferenceError: Handlebars is not defined
JavaScript error: https://assets.sitescdn.net/answers/v0.9.6/answers.min.js, line 1: Error: Failed to add component
JavaScript warning: http://covmaps-gbhu.europa.uk.com/apps/nipro_support_gbhu_v2c_cta.js, line 649: unreachable code after return statement
JavaScript error: http://covmaps-gbhu.europa.uk.com/apps/nipro_gbhu_v2_cta.php?cc=br&net1=te&net2=t4&net3=v4, line 459: TypeError: document.getElementById(...) is null
1605955846415	Marionette	INFO	Stopped listening on port 33375
1605956159860	geckodriver	INFO	Listening on 127.0.0.1:40803
1605956159864	mozrunner::runner	INFO	Running command: "/usr/bin/firefox" "--marionette" "-foreground" "-no-remote" "-profile" "/tmp/rust_mozprofilelXofwR"
console.warn: SearchSettings: "get: No settings file exists, new profile?" (new Error("", "(unknown module)"))
1605956162493	Marionette	INFO	Listening on port 40641
1605956162594	Marionette	WARN	TLS certificate errors will be ignored for this session
JavaScript error: http://www.three.co.uk/static/ThreeWeb/intl-roaming-new/js/intl-roaming-template.min.js, line 1: ReferenceError: Handlebars is not defined
JavaScript error: https://assets.sitescdn.net/answers/v0.9.6/answers.min.js, line 1: Error: Failed to add component
JavaScript warning: http://covmaps-gbhu.europa.uk.com/apps/nipro_support_gbhu_v2c_cta.js, line 649: unreachable code after return statement
JavaScript error: http://covmaps-gbhu.europa.uk.com/apps/nipro_gbhu_v2_cta.php?cc=br&net1=te&net2=t4&net3=v4, line 459: TypeError: document.getElementById(...) is null
1605956178357	Marionette	INFO	Stopped listening on port 40641
1605956212327	geckodriver	INFO	Listening on 127.0.0.1:32821
1605956212331	mozrunner::runner	INFO	Running command: "/usr/bin/firefox" "--marionette" "-foreground" "-no-remote" "-profile" "/tmp/rust_mozprofilef70JDL"
console.warn: SearchSettings: "get: No settings file exists, new profile?" (new Error("", "(unknown module)"))
1605956214809	Marionette	INFO	Listening on port 46413
1605956214862	Marionette	WARN	TLS certificate errors will be ignored for this session
JavaScript error: http://www.three.co.uk/static/ThreeWeb/intl-roaming-new/js/intl-roaming-template.min.js, line 1: ReferenceError: Handlebars is not defined
JavaScript error: https://assets.sitescdn.net/answers/v0.9.6/answers.min.js, line 1: Error: Failed to add component
JavaScript warning: http://covmaps-gbhu.europa.uk.com/apps/nipro_support_gbhu_v2c_cta.js, line 649: unreachable code after return statement
JavaScript error: http://covmaps-gbhu.europa.uk.com/apps/nipro_gbhu_v2_cta.php?cc=br&net1=te&net2=t4&net3=v4, line 459: TypeError: document.getElementById(...) is null
1605956223568	Marionette	INFO	Stopped listening on port 46413
1605956233633	geckodriver	INFO	Listening on 127.0.0.1:58943
1605956233637	mozrunner::runner	INFO	Running command: "/usr/bin/firefox" "--marionette" "-foreground" "-no-remote" "-profile" "/tmp/rust_mozprofile9HTKHH"
console.warn: SearchSettings: "get: No settings file exists, new profile?" (new Error("", "(unknown module)"))
1605956236217	Marionette	INFO	Listening on port 45811
1605956236282	Marionette	WARN	TLS certificate errors will be ignored for this session
JavaScript error: http://www.three.co.uk/static/ThreeWeb/intl-roaming-new/js/intl-roaming-template.min.js, line 1: ReferenceError: Handlebars is not defined
JavaScript error: https://assets.sitescdn.net/answers/v0.9.6/answers.min.js, line 1: Error: Failed to add component
JavaScript warning: http://covmaps-gbhu.europa.uk.com/apps/nipro_support_gbhu_v2c_cta.js, line 649: unreachable code after return statement
JavaScript error: http://covmaps-gbhu.europa.uk.com/apps/nipro_gbhu_v2_cta.php?cc=br&net1=te&net2=t4&net3=v4, line 459: TypeError: document.getElementById(...) is null
1605956252998	Marionette	INFO	Stopped listening on port 45811
1605956328659	geckodriver	INFO	Listening on 127.0.0.1:55341
1605956328664	mozrunner::runner	INFO	Running command: "/usr/bin/firefox" "--marionette" "-foreground" "-no-remote" "-profile" "/tmp/rust_mozprofilePTHwr3"
console.warn: SearchSettings: "get: No settings file exists, new profile?" (new Error("", "(unknown module)"))
1605956331639	Marionette	INFO	Listening on port 44567
1605956331697	Marionette	WARN	TLS certificate errors will be ignored for this session
JavaScript error: http://www.three.co.uk/static/ThreeWeb/intl-roaming-new/js/intl-roaming-template.min.js, line 1: ReferenceError: Handlebars is not defined
JavaScript error: https://assets.sitescdn.net/answers/v0.9.6/answers.min.js, line 1: Error: Failed to add component
JavaScript warning: http://covmaps-gbhu.europa.uk.com/apps/nipro_support_gbhu_v2c_cta.js, line 649: unreachable code after return statement
JavaScript error: http://covmaps-gbhu.europa.uk.com/apps/nipro_gbhu_v2_cta.php?cc=br&net1=te&net2=t4&net3=v4, line 459: TypeError: document.getElementById(...) is null
1605956358029	Marionette	INFO	Stopped listening on port 44567
1605956496256	geckodriver	INFO	Listening on 127.0.0.1:53585
1605956496261	mozrunner::runner	INFO	Running command: "/usr/bin/firefox" "--marionette" "-foreground" "-no-remote" "-profile" "/tmp/rust_mozprofilepW6WBX"
console.warn: SearchSettings: "get: No settings file exists, new profile?" (new Error("", "(unknown module)"))
1605956499018	Marionette	INFO	Listening on port 40863
1605956499098	Marionette	WARN	TLS certificate errors will be ignored for this session
JavaScript error: http://www.three.co.uk/static/ThreeWeb/intl-roaming-new/js/intl-roaming-template.min.js, line 1: ReferenceError: Handlebars is not defined
JavaScript error: https://assets.sitescdn.net/answers/v0.9.6/answers.min.js, line 1: Error: Failed to add component
JavaScript warning: http://covmaps-gbhu.europa.uk.com/apps/nipro_support_gbhu_v2c_cta.js, line 649: unreachable code after return statement
JavaScript error: http://covmaps-gbhu.europa.uk.com/apps/nipro_gbhu_v2_cta.php?cc=br&net1=te&net2=t4&net3=v4, line 459: TypeError: document.getElementById(...) is null
1605956549925	Marionette	INFO	Stopped listening on port 46843
1605956553661	Marionette	INFO	Stopped listening on port 43511
1605956556450	Marionette	INFO	Stopped listening on port 38667
1605956607265	geckodriver	INFO	Listening on 127.0.0.1:47229
1605956607269	mozrunner::runner	INFO	Running command: "/usr/bin/firefox" "--marionette" "-foreground" "-no-remote" "-profile" "/tmp/rust_mozprofile27foNM"
console.warn: SearchSettings: "get: No settings file exists, new profile?" (new Error("", "(unknown module)"))
1605956609972	Marionette	INFO	Listening on port 45395
1605956610005	Marionette	WARN	TLS certificate errors will be ignored for this session
JavaScript error: http://www.three.co.uk/static/ThreeWeb/intl-roaming-new/js/intl-roaming-template.min.js, line 1: ReferenceError: Handlebars is not defined
JavaScript error: https://assets.sitescdn.net/answers/v0.9.6/answers.min.js, line 1: Error: Failed to add component
JavaScript warning: http://covmaps-gbhu.europa.uk.com/apps/nipro_support_gbhu_v2c_cta.js, line 649: unreachable code after return statement
JavaScript error: http://covmaps-gbhu.europa.uk.com/apps/nipro_gbhu_v2_cta.php?cc=br&net1=te&net2=t4&net3=v4, line 459: TypeError: document.getElementById(...) is null
1605956629621	Marionette	INFO	Stopped listening on port 45395
1605956731761	Marionette	INFO	Stopped listening on port 46447
1605956860423	geckodriver	INFO	Listening on 127.0.0.1:43701
1605956860428	mozrunner::runner	INFO	Running command: "/usr/bin/firefox" "--marionette" "-foreground" "-no-remote" "-profile" "/tmp/rust_mozprofileUs5hi8"
console.warn: SearchSettings: "get: No settings file exists, new profile?" (new Error("", "(unknown module)"))
1605956862935	Marionette	INFO	Listening on port 35345
1605956863058	Marionette	WARN	TLS certificate errors will be ignored for this session
JavaScript error: http://www.three.co.uk/static/ThreeWeb/intl-roaming-new/js/intl-roaming-template.min.js, line 1: ReferenceError: Handlebars is not defined
JavaScript error: https://assets.sitescdn.net/answers/v0.9.6/answers.min.js, line 1: Error: Failed to add component
JavaScript warning: http://covmaps-gbhu.europa.uk.com/apps/nipro_support_gbhu_v2c_cta.js, line 649: unreachable code after return statement
JavaScript error: http://covmaps-gbhu.europa.uk.com/apps/nipro_gbhu_v2_cta.php?cc=br&net1=te&net2=t4&net3=v4, line 459: TypeError: document.getElementById(...) is null
1605956866038	Marionette	INFO	Stopped listening on port 35345
1605956895671	geckodriver	INFO	Listening on 127.0.0.1:52557
1605956895675	mozrunner::runner	INFO	Running command: "/usr/bin/firefox" "--marionette" "-foreground" "-no-remote" "-profile" "/tmp/rust_mozprofilex555KX"
console.warn: SearchSettings: "get: No settings file exists, new profile?" (new Error("", "(unknown module)"))
1605956898143	Marionette	INFO	Listening on port 46819
1605956898204	Marionette	WARN	TLS certificate errors will be ignored for this session
JavaScript error: http://www.three.co.uk/static/ThreeWeb/intl-roaming-new/js/intl-roaming-template.min.js, line 1: ReferenceError: Handlebars is not defined
JavaScript error: https://assets.sitescdn.net/answers/v0.9.6/answers.min.js, line 1: Error: Failed to add component
JavaScript warning: http://covmaps-gbhu.europa.uk.com/apps/nipro_support_gbhu_v2c_cta.js, line 649: unreachable code after return statement
1605956900231	Marionette	INFO	Stopped listening on port 40863
JavaScript error: http://covmaps-gbhu.europa.uk.com/apps/nipro_gbhu_v2_cta.php?cc=br&net1=te&net2=t4&net3=v4, line 459: TypeError: document.getElementById(...) is null
1605956908045	Marionette	INFO	Stopped listening on port 46819
1605957036184	geckodriver	INFO	Listening on 127.0.0.1:60641
1605957036188	mozrunner::runner	INFO	Running command: "/usr/bin/firefox" "--marionette" "-foreground" "-no-remote" "-profile" "/tmp/rust_mozprofileXVb3Tb"
console.warn: SearchSettings: "get: No settings file exists, new profile?" (new Error("", "(unknown module)"))
1605957038681	Marionette	INFO	Listening on port 33933
1605957038717	Marionette	WARN	TLS certificate errors will be ignored for this session
JavaScript error: http://www.three.co.uk/static/ThreeWeb/intl-roaming-new/js/intl-roaming-template.min.js, line 1: ReferenceError: Handlebars is not defined
JavaScript error: https://assets.sitescdn.net/answers/v0.9.6/answers.min.js, line 1: Error: Failed to add component
JavaScript warning: http://covmaps-gbhu.europa.uk.com/apps/nipro_support_gbhu_v2c_cta.js, line 649: unreachable code after return statement
JavaScript error: http://covmaps-gbhu.europa.uk.com/apps/nipro_gbhu_v2_cta.php?cc=br&net1=te&net2=t4&net3=v4, line 459: TypeError: document.getElementById(...) is null
1605957052514	Marionette	INFO	Stopped listening on port 33933
1605957111933	geckodriver	INFO	Listening on 127.0.0.1:55517
1605957111938	mozrunner::runner	INFO	Running command: "/usr/bin/firefox" "--marionette" "-foreground" "-no-remote" "-profile" "/tmp/rust_mozprofileMRIHje"
console.warn: SearchSettings: "get: No settings file exists, new profile?" (new Error("", "(unknown module)"))
1605957114503	Marionette	INFO	Listening on port 32877
1605957114570	Marionette	WARN	TLS certificate errors will be ignored for this session
JavaScript error: http://www.three.co.uk/static/ThreeWeb/intl-roaming-new/js/intl-roaming-template.min.js, line 1: ReferenceError: Handlebars is not defined
JavaScript error: https://assets.sitescdn.net/answers/v0.9.6/answers.min.js, line 1: Error: Failed to add component
JavaScript warning: http://covmaps-gbhu.europa.uk.com/apps/nipro_support_gbhu_v2c_cta.js, line 649: unreachable code after return statement
JavaScript error: http://covmaps-gbhu.europa.uk.com/apps/nipro_gbhu_v2_cta.php?cc=br&net1=te&net2=t4&net3=v4, line 459: TypeError: document.getElementById(...) is null
1605957135175	Marionette	INFO	Stopped listening on port 32877
1605957192665	geckodriver	INFO	Listening on 127.0.0.1:59717
1605957192669	mozrunner::runner	INFO	Running command: "/usr/bin/firefox" "--marionette" "-foreground" "-no-remote" "-profile" "/tmp/rust_mozprofile1t7spd"
console.warn: SearchSettings: "get: No settings file exists, new profile?" (new Error("", "(unknown module)"))
1605957195050	Marionette	INFO	Listening on port 40393
1605957195101	Marionette	WARN	TLS certificate errors will be ignored for this session
JavaScript error: http://www.three.co.uk/static/ThreeWeb/intl-roaming-new/js/intl-roaming-template.min.js, line 1: ReferenceError: Handlebars is not defined
JavaScript error: https://assets.sitescdn.net/answers/v0.9.6/answers.min.js, line 1: Error: Failed to add component
JavaScript warning: http://covmaps-gbhu.europa.uk.com/apps/nipro_support_gbhu_v2c_cta.js, line 649: unreachable code after return statement
JavaScript error: http://covmaps-gbhu.europa.uk.com/apps/nipro_gbhu_v2_cta.php?cc=br&net1=te&net2=t4&net3=v4, line 459: TypeError: document.getElementById(...) is null
1605957201859	Marionette	INFO	Stopped listening on port 40393
1605957327581	geckodriver	INFO	Listening on 127.0.0.1:59965
1605957327585	mozrunner::runner	INFO	Running command: "/usr/bin/firefox" "--marionette" "-foreground" "-no-remote" "-profile" "/tmp/rust_mozprofilecCTcEs"
console.warn: SearchSettings: "get: No settings file exists, new profile?" (new Error("", "(unknown module)"))
1605957330690	Marionette	INFO	Listening on port 36413
1605957330727	Marionette	WARN	TLS certificate errors will be ignored for this session
JavaScript error: http://www.three.co.uk/static/ThreeWeb/intl-roaming-new/js/intl-roaming-template.min.js, line 1: ReferenceError: Handlebars is not defined
JavaScript error: https://assets.sitescdn.net/answers/v0.9.6/answers.min.js, line 1: Error: Failed to add component
JavaScript warning: http://covmaps-gbhu.europa.uk.com/apps/nipro_support_gbhu_v2c_cta.js, line 649: unreachable code after return statement
JavaScript error: http://covmaps-gbhu.europa.uk.com/apps/nipro_gbhu_v2_cta.php?cc=br&net1=te&net2=t4&net3=v4, line 459: TypeError: document.getElementById(...) is null
1605957372511	geckodriver	INFO	Listening on 127.0.0.1:49879
1605957372515	mozrunner::runner	INFO	Running command: "/usr/bin/firefox" "--marionette" "-foreground" "-no-remote" "-profile" "/tmp/rust_mozprofileRLCRDf"
console.warn: SearchSettings: "get: No settings file exists, new profile?" (new Error("", "(unknown module)"))
1605957375135	Marionette	INFO	Listening on port 40891
1605957375248	Marionette	WARN	TLS certificate errors will be ignored for this session
JavaScript error: http://www.three.co.uk/static/ThreeWeb/intl-roaming-new/js/intl-roaming-template.min.js, line 1: ReferenceError: Handlebars is not defined
JavaScript error: https://assets.sitescdn.net/answers/v0.9.6/answers.min.js, line 1: Error: Failed to add component
JavaScript warning: http://covmaps-gbhu.europa.uk.com/apps/nipro_support_gbhu_v2c_cta.js, line 649: unreachable code after return statement
JavaScript error: http://covmaps-gbhu.europa.uk.com/apps/nipro_gbhu_v2_cta.php?cc=br&net1=te&net2=t4&net3=v4, line 459: TypeError: document.getElementById(...) is null
1605957392175	Marionette	INFO	Stopped listening on port 40891
1605957406131	Marionette	INFO	Stopped listening on port 36413
1605957408539	geckodriver	INFO	Listening on 127.0.0.1:42105
1605957408544	mozrunner::runner	INFO	Running command: "/usr/bin/firefox" "--marionette" "-foreground" "-no-remote" "-profile" "/tmp/rust_mozprofile87NYpJ"
console.warn: SearchSettings: "get: No settings file exists, new profile?" (new Error("", "(unknown module)"))
1605957411126	Marionette	INFO	Listening on port 39619
1605957411174	Marionette	WARN	TLS certificate errors will be ignored for this session
JavaScript error: http://www.three.co.uk/static/ThreeWeb/intl-roaming-new/js/intl-roaming-template.min.js, line 1: ReferenceError: Handlebars is not defined
JavaScript error: https://assets.sitescdn.net/answers/v0.9.6/answers.min.js, line 1: Error: Failed to add component
JavaScript warning: http://covmaps-gbhu.europa.uk.com/apps/nipro_support_gbhu_v2c_cta.js, line 649: unreachable code after return statement
JavaScript error: http://covmaps-gbhu.europa.uk.com/apps/nipro_gbhu_v2_cta.php?cc=br&net1=te&net2=t4&net3=v4, line 459: TypeError: document.getElementById(...) is null
1605957442197	Marionette	INFO	Stopped listening on port 39619
1605957459546	geckodriver	INFO	Listening on 127.0.0.1:53035
1605957459551	mozrunner::runner	INFO	Running command: "/usr/bin/firefox" "--marionette" "-foreground" "-no-remote" "-profile" "/tmp/rust_mozprofileGta4EO"
console.warn: SearchSettings: "get: No settings file exists, new profile?" (new Error("", "(unknown module)"))
1605957462199	Marionette	INFO	Listening on port 45721
1605957462283	Marionette	WARN	TLS certificate errors will be ignored for this session
JavaScript error: http://www.three.co.uk/static/ThreeWeb/intl-roaming-new/js/intl-roaming-template.min.js, line 1: ReferenceError: Handlebars is not defined
JavaScript error: https://assets.sitescdn.net/answers/v0.9.6/answers.min.js, line 1: Error: Failed to add component
JavaScript warning: http://covmaps-gbhu.europa.uk.com/apps/nipro_support_gbhu_v2c_cta.js, line 649: unreachable code after return statement
JavaScript error: http://covmaps-gbhu.europa.uk.com/apps/nipro_gbhu_v2_cta.php?cc=br&net1=te&net2=t4&net3=v4, line 459: TypeError: document.getElementById(...) is null
1605957471078	Marionette	INFO	Stopped listening on port 45721
1605957681943	geckodriver	INFO	Listening on 127.0.0.1:38025
1605957681947	mozrunner::runner	INFO	Running command: "/usr/bin/firefox" "--marionette" "-foreground" "-no-remote" "-profile" "/tmp/rust_mozprofiletHHQxz"
console.warn: SearchSettings: "get: No settings file exists, new profile?" (new Error("", "(unknown module)"))
1605957685020	Marionette	INFO	Listening on port 41543
1605957685099	Marionette	WARN	TLS certificate errors will be ignored for this session
JavaScript error: http://www.three.co.uk/static/ThreeWeb/intl-roaming-new/js/intl-roaming-template.min.js, line 1: ReferenceError: Handlebars is not defined
JavaScript error: https://assets.sitescdn.net/answers/v0.9.6/answers.min.js, line 1: Error: Failed to add component
JavaScript warning: http://covmaps-gbhu.europa.uk.com/apps/nipro_support_gbhu_v2c_cta.js, line 649: unreachable code after return statement
JavaScript error: http://covmaps-gbhu.europa.uk.com/apps/nipro_gbhu_v2_cta.php?cc=br&net1=te&net2=t4&net3=v4, line 459: TypeError: document.getElementById(...) is null
1605957694312	Marionette	INFO	Stopped listening on port 41543
1605957724913	geckodriver	INFO	Listening on 127.0.0.1:53811
1605957724917	mozrunner::runner	INFO	Running command: "/usr/bin/firefox" "--marionette" "-foreground" "-no-remote" "-profile" "/tmp/rust_mozprofileNC0OO7"
console.warn: SearchSettings: "get: No settings file exists, new profile?" (new Error("", "(unknown module)"))
1605957727584	Marionette	INFO	Listening on port 36475
1605957727649	Marionette	WARN	TLS certificate errors will be ignored for this session
JavaScript error: http://www.three.co.uk/static/ThreeWeb/intl-roaming-new/js/intl-roaming-template.min.js, line 1: ReferenceError: Handlebars is not defined
JavaScript error: https://assets.sitescdn.net/answers/v0.9.6/answers.min.js, line 1: Error: Failed to add component
JavaScript warning: http://covmaps-gbhu.europa.uk.com/apps/nipro_support_gbhu_v2c_cta.js, line 649: unreachable code after return statement
JavaScript error: http://covmaps-gbhu.europa.uk.com/apps/nipro_gbhu_v2_cta.php?cc=br&net1=te&net2=t4&net3=v4, line 459: TypeError: document.getElementById(...) is null
1605957743303	Marionette	INFO	Stopped listening on port 36475
1605957757393	geckodriver	INFO	Listening on 127.0.0.1:34971
1605957757398	mozrunner::runner	INFO	Running command: "/usr/bin/firefox" "--marionette" "-foreground" "-no-remote" "-profile" "/tmp/rust_mozprofileUJSPNz"
console.warn: SearchSettings: "get: No settings file exists, new profile?" (new Error("", "(unknown module)"))
1605957760252	Marionette	INFO	Listening on port 44501
1605957760330	Marionette	WARN	TLS certificate errors will be ignored for this session
JavaScript error: http://www.three.co.uk/static/ThreeWeb/intl-roaming-new/js/intl-roaming-template.min.js, line 1: ReferenceError: Handlebars is not defined
JavaScript error: https://assets.sitescdn.net/answers/v0.9.6/answers.min.js, line 1: Error: Failed to add component
JavaScript warning: http://covmaps-gbhu.europa.uk.com/apps/nipro_support_gbhu_v2c_cta.js, line 649: unreachable code after return statement
JavaScript error: http://covmaps-gbhu.europa.uk.com/apps/nipro_gbhu_v2_cta.php?cc=br&net1=te&net2=t4&net3=v4, line 459: TypeError: document.getElementById(...) is null
1605957840086	geckodriver	INFO	Listening on 127.0.0.1:35035
1605957840091	mozrunner::runner	INFO	Running command: "/usr/bin/firefox" "--marionette" "-foreground" "-no-remote" "-profile" "/tmp/rust_mozprofileoi2C9x"
console.warn: SearchSettings: "get: No settings file exists, new profile?" (new Error("", "(unknown module)"))
1605957842693	Marionette	INFO	Listening on port 38075
1605957842720	Marionette	WARN	TLS certificate errors will be ignored for this session
JavaScript error: http://www.three.co.uk/static/ThreeWeb/intl-roaming-new/js/intl-roaming-template.min.js, line 1: ReferenceError: Handlebars is not defined
JavaScript error: https://assets.sitescdn.net/answers/v0.9.6/answers.min.js, line 1: Error: Failed to add component
JavaScript warning: http://covmaps-gbhu.europa.uk.com/apps/nipro_support_gbhu_v2c_cta.js, line 649: unreachable code after return statement
JavaScript error: http://covmaps-gbhu.europa.uk.com/apps/nipro_gbhu_v2_cta.php?cc=br&net1=te&net2=t4&net3=v4, line 459: TypeError: document.getElementById(...) is null
1605957855446	Marionette	INFO	Stopped listening on port 38075
1605958128911	geckodriver	INFO	Listening on 127.0.0.1:57107
1605958128915	mozrunner::runner	INFO	Running command: "/usr/bin/firefox" "--marionette" "-foreground" "-no-remote" "-profile" "/tmp/rust_mozprofilethttdf"
console.warn: SearchSettings: "get: No settings file exists, new profile?" (new Error("", "(unknown module)"))
1605958131431	Marionette	INFO	Listening on port 41759
1605958131549	Marionette	WARN	TLS certificate errors will be ignored for this session
JavaScript error: http://www.three.co.uk/static/ThreeWeb/intl-roaming-new/js/intl-roaming-template.min.js, line 1: ReferenceError: Handlebars is not defined
JavaScript error: https://assets.sitescdn.net/answers/v0.9.6/answers.min.js, line 1: Error: Failed to add component
JavaScript warning: http://covmaps-gbhu.europa.uk.com/apps/nipro_support_gbhu_v2c_cta.js, line 649: unreachable code after return statement
JavaScript error: http://covmaps-gbhu.europa.uk.com/apps/nipro_gbhu_v2_cta.php?cc=br&net1=te&net2=t4&net3=v4, line 459: TypeError: document.getElementById(...) is null
1605958140777	Marionette	INFO	Stopped listening on port 41759
1605958215752	geckodriver	INFO	Listening on 127.0.0.1:38721
1605958215757	mozrunner::runner	INFO	Running command: "/usr/bin/firefox" "--marionette" "-foreground" "-no-remote" "-profile" "/tmp/rust_mozprofileHB0A7d"
console.warn: SearchSettings: "get: No settings file exists, new profile?" (new Error("", "(unknown module)"))
1605958218802	Marionette	INFO	Listening on port 36793
1605958218896	Marionette	WARN	TLS certificate errors will be ignored for this session
JavaScript error: http://www.three.co.uk/static/ThreeWeb/intl-roaming-new/js/intl-roaming-template.min.js, line 1: ReferenceError: Handlebars is not defined
JavaScript error: https://assets.sitescdn.net/answers/v0.9.6/answers.min.js, line 1: Error: Failed to add component
JavaScript warning: http://covmaps-gbhu.europa.uk.com/apps/nipro_support_gbhu_v2c_cta.js, line 649: unreachable code after return statement
JavaScript error: http://covmaps-gbhu.europa.uk.com/apps/nipro_gbhu_v2_cta.php?cc=br&net1=te&net2=t4&net3=v4, line 459: TypeError: document.getElementById(...) is null
1605958235557	Marionette	INFO	Stopped listening on port 36793
1605958240325	geckodriver	INFO	Listening on 127.0.0.1:59047
1605958240328	mozrunner::runner	INFO	Running command: "/usr/bin/firefox" "--marionette" "-foreground" "-no-remote" "-profile" "/tmp/rust_mozprofile1ndG2E"
console.warn: SearchSettings: "get: No settings file exists, new profile?" (new Error("", "(unknown module)"))
1605958242862	Marionette	INFO	Listening on port 37767
1605958242989	Marionette	WARN	TLS certificate errors will be ignored for this session
JavaScript error: http://www.three.co.uk/static/ThreeWeb/intl-roaming-new/js/intl-roaming-template.min.js, line 1: ReferenceError: Handlebars is not defined
JavaScript error: https://assets.sitescdn.net/answers/v0.9.6/answers.min.js, line 1: Error: Failed to add component
JavaScript warning: http://covmaps-gbhu.europa.uk.com/apps/nipro_support_gbhu_v2c_cta.js, line 649: unreachable code after return statement
JavaScript error: http://covmaps-gbhu.europa.uk.com/apps/nipro_gbhu_v2_cta.php?cc=br&net1=te&net2=t4&net3=v4, line 459: TypeError: document.getElementById(...) is null
1605958251636	Marionette	INFO	Stopped listening on port 37767
1605958656994	geckodriver	INFO	Listening on 127.0.0.1:39713
1605958656998	mozrunner::runner	INFO	Running command: "/usr/bin/firefox" "--marionette" "-foreground" "-no-remote" "-profile" "/tmp/rust_mozprofileDof76A"
console.warn: SearchSettings: "get: No settings file exists, new profile?" (new Error("", "(unknown module)"))
1605958659606	Marionette	INFO	Listening on port 33571
1605958659729	Marionette	WARN	TLS certificate errors will be ignored for this session
JavaScript error: http://www.three.co.uk/static/ThreeWeb/intl-roaming-new/js/intl-roaming-template.min.js, line 1: ReferenceError: Handlebars is not defined
JavaScript error: https://assets.sitescdn.net/answers/v0.9.6/answers.min.js, line 1: Error: Failed to add component
JavaScript warning: http://covmaps-gbhu.europa.uk.com/apps/nipro_support_gbhu_v2c_cta.js, line 649: unreachable code after return statement
JavaScript error: http://covmaps-gbhu.europa.uk.com/apps/nipro_gbhu_v2_cta.php?cc=br&net1=te&net2=t4&net3=v4, line 459: TypeError: document.getElementById(...) is null
1605958673948	Marionette	INFO	Stopped listening on port 33571
1605958965762	geckodriver	INFO	Listening on 127.0.0.1:44195
1605958965767	mozrunner::runner	INFO	Running command: "/usr/bin/firefox" "--marionette" "-foreground" "-no-remote" "-profile" "/tmp/rust_mozprofile3EPDX1"
console.warn: SearchSettings: "get: No settings file exists, new profile?" (new Error("", "(unknown module)"))
1605958968437	Marionette	INFO	Listening on port 43921
1605958968498	Marionette	WARN	TLS certificate errors will be ignored for this session
JavaScript error: http://www.three.co.uk/static/ThreeWeb/intl-roaming-new/js/intl-roaming-template.min.js, line 1: ReferenceError: Handlebars is not defined
JavaScript error: https://assets.sitescdn.net/answers/v0.9.6/answers.min.js, line 1: Error: Failed to add component
JavaScript warning: http://covmaps-gbhu.europa.uk.com/apps/nipro_support_gbhu_v2c_cta.js, line 649: unreachable code after return statement
JavaScript error: http://covmaps-gbhu.europa.uk.com/apps/nipro_gbhu_v2_cta.php?cc=br&net1=te&net2=t4&net3=v4, line 459: TypeError: document.getElementById(...) is null
1605959111956	geckodriver	INFO	Listening on 127.0.0.1:52185
1605959111961	mozrunner::runner	INFO	Running command: "/usr/bin/firefox" "--marionette" "-foreground" "-no-remote" "-profile" "/tmp/rust_mozprofileoQxKA7"
console.warn: SearchSettings: "get: No settings file exists, new profile?" (new Error("", "(unknown module)"))
1605959114576	Marionette	INFO	Listening on port 39667
1605959114695	Marionette	WARN	TLS certificate errors will be ignored for this session
JavaScript error: http://www.three.co.uk/static/ThreeWeb/intl-roaming-new/js/intl-roaming-template.min.js, line 1: ReferenceError: Handlebars is not defined
JavaScript error: https://assets.sitescdn.net/answers/v0.9.6/answers.min.js, line 1: Error: Failed to add component
JavaScript warning: http://covmaps-gbhu.europa.uk.com/apps/nipro_support_gbhu_v2c_cta.js, line 649: unreachable code after return statement
JavaScript error: http://covmaps-gbhu.europa.uk.com/apps/nipro_gbhu_v2_cta.php?cc=br&net1=te&net2=t4&net3=v4, line 459: TypeError: document.getElementById(...) is null
1605959138676	Marionette	INFO	Stopped listening on port 39667
1605959233151	Marionette	INFO	Stopped listening on port 44501
1605959235278	Marionette	INFO	Stopped listening on port 43921
1605959682277	geckodriver	INFO	Listening on 127.0.0.1:52513
1605959682281	mozrunner::runner	INFO	Running command: "/usr/bin/firefox" "--marionette" "-foreground" "-no-remote" "-profile" "/tmp/rust_mozprofilekZfe4Z"
console.warn: SearchSettings: "get: No settings file exists, new profile?" (new Error("", "(unknown module)"))
1605959684888	Marionette	INFO	Listening on port 38889
1605959685036	Marionette	WARN	TLS certificate errors will be ignored for this session
JavaScript error: http://www.three.co.uk/static/ThreeWeb/intl-roaming-new/js/intl-roaming-template.min.js, line 1: ReferenceError: Handlebars is not defined
JavaScript error: https://assets.sitescdn.net/answers/v0.9.6/answers.min.js, line 1: Error: Failed to add component
JavaScript warning: http://covmaps-gbhu.europa.uk.com/apps/nipro_support_gbhu_v2c_cta.js, line 649: unreachable code after return statement
JavaScript error: http://covmaps-gbhu.europa.uk.com/apps/nipro_gbhu_v2_cta.php?cc=br&net1=te&net2=t4&net3=v4, line 459: TypeError: document.getElementById(...) is null
1605959835496	Marionette	INFO	Stopped listening on port 38889
1605960387143	geckodriver	INFO	Listening on 127.0.0.1:57959
1605960387148	mozrunner::runner	INFO	Running command: "/usr/bin/firefox" "--marionette" "-foreground" "-no-remote" "-profile" "/tmp/rust_mozprofilebE9dgD"
console.warn: SearchSettings: "get: No settings file exists, new profile?" (new Error("", "(unknown module)"))
1605960389749	Marionette	INFO	Listening on port 43049
1605960389776	Marionette	WARN	TLS certificate errors will be ignored for this session
JavaScript error: http://www.three.co.uk/static/ThreeWeb/intl-roaming-new/js/intl-roaming-template.min.js, line 1: ReferenceError: Handlebars is not defined
JavaScript error: https://assets.sitescdn.net/answers/v0.9.6/answers.min.js, line 1: Error: Failed to add component
JavaScript warning: http://covmaps-gbhu.europa.uk.com/apps/nipro_support_gbhu_v2c_cta.js, line 649: unreachable code after return statement
JavaScript error: http://covmaps-gbhu.europa.uk.com/apps/nipro_gbhu_v2_cta.php?cc=br&net1=te&net2=t4&net3=v4, line 459: TypeError: document.getElementById(...) is null
1605960401911	Marionette	INFO	Stopped listening on port 43049
1605960418913	geckodriver	INFO	Listening on 127.0.0.1:43755
1605960418917	mozrunner::runner	INFO	Running command: "/usr/bin/firefox" "--marionette" "-foreground" "-no-remote" "-profile" "/tmp/rust_mozprofileAuMAgU"
console.warn: SearchSettings: "get: No settings file exists, new profile?" (new Error("", "(unknown module)"))
1605960421475	Marionette	INFO	Listening on port 34807
1605960421551	Marionette	WARN	TLS certificate errors will be ignored for this session
JavaScript error: http://www.three.co.uk/static/ThreeWeb/intl-roaming-new/js/intl-roaming-template.min.js, line 1: ReferenceError: Handlebars is not defined
JavaScript error: https://assets.sitescdn.net/answers/v0.9.6/answers.min.js, line 1: Error: Failed to add component
JavaScript warning: http://covmaps-gbhu.europa.uk.com/apps/nipro_support_gbhu_v2c_cta.js, line 649: unreachable code after return statement
JavaScript error: http://covmaps-gbhu.europa.uk.com/apps/nipro_gbhu_v2_cta.php?cc=br&net1=te&net2=t4&net3=v4, line 459: TypeError: document.getElementById(...) is null
1605960436941	Marionette	INFO	Stopped listening on port 34807
1605960973141	geckodriver	INFO	Listening on 127.0.0.1:44849
1605960973145	mozrunner::runner	INFO	Running command: "/usr/bin/firefox" "--marionette" "-foreground" "-no-remote" "-profile" "/tmp/rust_mozprofiletAGhvE"
console.warn: SearchSettings: "get: No settings file exists, new profile?" (new Error("", "(unknown module)"))
1605960975630	Marionette	INFO	Listening on port 45737
1605960975674	Marionette	WARN	TLS certificate errors will be ignored for this session
JavaScript error: http://www.three.co.uk/static/ThreeWeb/intl-roaming-new/js/intl-roaming-template.min.js, line 1: ReferenceError: Handlebars is not defined
JavaScript error: https://assets.sitescdn.net/answers/v0.9.6/answers.min.js, line 1: Error: Failed to add component
JavaScript warning: http://covmaps-gbhu.europa.uk.com/apps/nipro_support_gbhu_v2c_cta.js, line 649: unreachable code after return statement
JavaScript error: http://covmaps-gbhu.europa.uk.com/apps/nipro_gbhu_v2_cta.php?cc=br&net1=te&net2=t4&net3=v4, line 459: TypeError: document.getElementById(...) is null
1605960989490	Marionette	INFO	Stopped listening on port 45737
1605961324678	geckodriver	INFO	Listening on 127.0.0.1:60263
1605961324683	mozrunner::runner	INFO	Running command: "/usr/bin/firefox" "--marionette" "-foreground" "-no-remote" "-profile" "/tmp/rust_mozprofileLjZs0S"
console.warn: SearchSettings: "get: No settings file exists, new profile?" (new Error("", "(unknown module)"))
1605961327232	Marionette	INFO	Listening on port 42077
1605961327328	Marionette	WARN	TLS certificate errors will be ignored for this session
JavaScript error: http://www.three.co.uk/static/ThreeWeb/intl-roaming-new/js/intl-roaming-template.min.js, line 1: ReferenceError: Handlebars is not defined
JavaScript error: https://assets.sitescdn.net/answers/v0.9.6/answers.min.js, line 1: Error: Failed to add component
JavaScript warning: http://covmaps-gbhu.europa.uk.com/apps/nipro_support_gbhu_v2c_cta.js, line 649: unreachable code after return statement
JavaScript error: http://covmaps-gbhu.europa.uk.com/apps/nipro_gbhu_v2_cta.php?cc=br&net1=te&net2=t4&net3=v4, line 459: TypeError: document.getElementById(...) is null
1605961459989	geckodriver	INFO	Listening on 127.0.0.1:59957
1605961459993	mozrunner::runner	INFO	Running command: "/usr/bin/firefox" "--marionette" "-foreground" "-no-remote" "-profile" "/tmp/rust_mozprofile8z43Zp"
console.warn: SearchSettings: "get: No settings file exists, new profile?" (new Error("", "(unknown module)"))
1605961462747	Marionette	INFO	Listening on port 40619
1605961462825	Marionette	WARN	TLS certificate errors will be ignored for this session
JavaScript error: http://www.three.co.uk/static/ThreeWeb/intl-roaming-new/js/intl-roaming-template.min.js, line 1: ReferenceError: Handlebars is not defined
JavaScript error: https://assets.sitescdn.net/answers/v0.9.6/answers.min.js, line 1: Error: Failed to add component
JavaScript warning: http://covmaps-gbhu.europa.uk.com/apps/nipro_support_gbhu_v2c_cta.js, line 649: unreachable code after return statement
JavaScript error: http://covmaps-gbhu.europa.uk.com/apps/nipro_gbhu_v2_cta.php?cc=br&net1=te&net2=t4&net3=v4, line 459: TypeError: document.getElementById(...) is null
1605961661870	geckodriver	INFO	Listening on 127.0.0.1:44341
1605961661875	mozrunner::runner	INFO	Running command: "/usr/bin/firefox" "--marionette" "-foreground" "-no-remote" "-profile" "/tmp/rust_mozprofileCdGJ1G"
console.warn: SearchSettings: "get: No settings file exists, new profile?" (new Error("", "(unknown module)"))
1605961664406	Marionette	INFO	Listening on port 41519
1605961664549	Marionette	WARN	TLS certificate errors will be ignored for this session
JavaScript error: http://www.three.co.uk/static/ThreeWeb/intl-roaming-new/js/intl-roaming-template.min.js, line 1: ReferenceError: Handlebars is not defined
JavaScript error: https://assets.sitescdn.net/answers/v0.9.6/answers.min.js, line 1: Error: Failed to add component
JavaScript warning: http://covmaps-gbhu.europa.uk.com/apps/nipro_support_gbhu_v2c_cta.js, line 649: unreachable code after return statement
JavaScript error: http://covmaps-gbhu.europa.uk.com/apps/nipro_gbhu_v2_cta.php?cc=br&net1=te&net2=t4&net3=v4, line 459: TypeError: document.getElementById(...) is null
1605961666889	Marionette	INFO	Stopped listening on port 41519
JavaScript error: resource://gre/modules/Sqlite.jsm, line 1031: Error: Sqlite.jsm has been shutdown. Cannot open connection to: /tmp/rust_mozprofileCdGJ1G/protections.sqlite
